  실습12.cpp
C:\Users\somin\OneDrive\2-2-computer-g\컴그실습\실습1\실습12\실습12.cpp(26,3): warning C4305: '초기화 중': 'double'에서 'GLfloat'(으)로 잘립니다.
C:\Users\somin\OneDrive\2-2-computer-g\컴그실습\실습1\실습12\실습12.cpp(26,8): warning C4305: '초기화 중': 'double'에서 'GLfloat'(으)로 잘립니다.
C:\Users\somin\OneDrive\2-2-computer-g\컴그실습\실습1\실습12\실습12.cpp(27,3): warning C4305: '초기화 중': 'double'에서 'GLfloat'(으)로 잘립니다.
C:\Users\somin\OneDrive\2-2-computer-g\컴그실습\실습1\실습12\실습12.cpp(27,8): warning C4305: '초기화 중': 'double'에서 'GLfloat'(으)로 잘립니다.
C:\Users\somin\OneDrive\2-2-computer-g\컴그실습\실습1\실습12\실습12.cpp(28,3): warning C4305: '초기화 중': 'double'에서 'GLfloat'(으)로 잘립니다.
C:\Users\somin\OneDrive\2-2-computer-g\컴그실습\실습1\실습12\실습12.cpp(28,8): warning C4305: '초기화 중': 'double'에서 'GLfloat'(으)로 잘립니다.
C:\Users\somin\OneDrive\2-2-computer-g\컴그실습\실습1\실습12\실습12.cpp(29,3): warning C4305: '초기화 중': 'double'에서 'GLfloat'(으)로 잘립니다.
C:\Users\somin\OneDrive\2-2-computer-g\컴그실습\실습1\실습12\실습12.cpp(29,8): warning C4305: '초기화 중': 'double'에서 'GLfloat'(으)로 잘립니다.
C:\Users\somin\OneDrive\2-2-computer-g\컴그실습\실습1\실습12\실습12.cpp(30,3): warning C4305: '초기화 중': 'double'에서 'GLfloat'(으)로 잘립니다.
C:\Users\somin\OneDrive\2-2-computer-g\컴그실습\실습1\실습12\실습12.cpp(30,8): warning C4305: '초기화 중': 'double'에서 'GLfloat'(으)로 잘립니다.
C:\Users\somin\OneDrive\2-2-computer-g\컴그실습\실습1\실습12\실습12.cpp(31,3): warning C4305: '초기화 중': 'double'에서 'GLfloat'(으)로 잘립니다.
C:\Users\somin\OneDrive\2-2-computer-g\컴그실습\실습1\실습12\실습12.cpp(31,8): warning C4305: '초기화 중': 'double'에서 'GLfloat'(으)로 잘립니다.
C:\Users\somin\OneDrive\2-2-computer-g\컴그실습\실습1\실습12\실습12.cpp(32,3): warning C4305: '초기화 중': 'double'에서 'GLfloat'(으)로 잘립니다.
C:\Users\somin\OneDrive\2-2-computer-g\컴그실습\실습1\실습12\실습12.cpp(32,8): warning C4305: '초기화 중': 'double'에서 'GLfloat'(으)로 잘립니다.
C:\Users\somin\OneDrive\2-2-computer-g\컴그실습\실습1\실습12\실습12.cpp(33,3): warning C4305: '초기화 중': 'double'에서 'GLfloat'(으)로 잘립니다.
C:\Users\somin\OneDrive\2-2-computer-g\컴그실습\실습1\실습12\실습12.cpp(33,8): warning C4305: '초기화 중': 'double'에서 'GLfloat'(으)로 잘립니다.
C:\Users\somin\OneDrive\2-2-computer-g\컴그실습\실습1\실습12\실습12.cpp(34,3): warning C4305: '초기화 중': 'double'에서 'GLfloat'(으)로 잘립니다.
C:\Users\somin\OneDrive\2-2-computer-g\컴그실습\실습1\실습12\실습12.cpp(34,8): warning C4305: '초기화 중': 'double'에서 'GLfloat'(으)로 잘립니다.
C:\Users\somin\OneDrive\2-2-computer-g\컴그실습\실습1\실습12\실습12.cpp(35,3): warning C4305: '초기화 중': 'double'에서 'GLfloat'(으)로 잘립니다.
C:\Users\somin\OneDrive\2-2-computer-g\컴그실습\실습1\실습12\실습12.cpp(35,8): warning C4305: '초기화 중': 'double'에서 'GLfloat'(으)로 잘립니다.
C:\Users\somin\OneDrive\2-2-computer-g\컴그실습\실습1\실습12\실습12.cpp(36,3): warning C4305: '초기화 중': 'double'에서 'GLfloat'(으)로 잘립니다.
C:\Users\somin\OneDrive\2-2-computer-g\컴그실습\실습1\실습12\실습12.cpp(36,8): warning C4305: '초기화 중': 'double'에서 'GLfloat'(으)로 잘립니다.
C:\Users\somin\OneDrive\2-2-computer-g\컴그실습\실습1\실습12\실습12.cpp(37,3): warning C4305: '초기화 중': 'double'에서 'GLfloat'(으)로 잘립니다.
C:\Users\somin\OneDrive\2-2-computer-g\컴그실습\실습1\실습12\실습12.cpp(37,8): warning C4305: '초기화 중': 'double'에서 'GLfloat'(으)로 잘립니다.
C:\Users\somin\OneDrive\2-2-computer-g\컴그실습\실습1\실습12\실습12.cpp(38,3): warning C4305: '초기화 중': 'double'에서 'GLfloat'(으)로 잘립니다.
C:\Users\somin\OneDrive\2-2-computer-g\컴그실습\실습1\실습12\실습12.cpp(38,8): warning C4305: '초기화 중': 'double'에서 'GLfloat'(으)로 잘립니다.
C:\Users\somin\OneDrive\2-2-computer-g\컴그실습\실습1\실습12\실습12.cpp(39,3): warning C4305: '초기화 중': 'double'에서 'GLfloat'(으)로 잘립니다.
C:\Users\somin\OneDrive\2-2-computer-g\컴그실습\실습1\실습12\실습12.cpp(39,8): warning C4305: '초기화 중': 'double'에서 'GLfloat'(으)로 잘립니다.
C:\Users\somin\OneDrive\2-2-computer-g\컴그실습\실습1\실습12\실습12.cpp(40,3): warning C4305: '초기화 중': 'double'에서 'GLfloat'(으)로 잘립니다.
C:\Users\somin\OneDrive\2-2-computer-g\컴그실습\실습1\실습12\실습12.cpp(40,8): warning C4305: '초기화 중': 'double'에서 'GLfloat'(으)로 잘립니다.
C:\Users\somin\OneDrive\2-2-computer-g\컴그실습\실습1\실습12\실습12.cpp(249,13): warning C4244: '초기화 중': 'double'에서 'GLfloat'(으)로 변환하면서 데이터가 손실될 수 있습니다.
C:\Users\somin\OneDrive\2-2-computer-g\컴그실습\실습1\실습12\실습12.cpp(250,13): warning C4244: '초기화 중': 'double'에서 'GLfloat'(으)로 변환하면서 데이터가 손실될 수 있습니다.
C:\Users\somin\OneDrive\2-2-computer-g\컴그실습\실습1\실습12\실습12.cpp(284,13): warning C4244: '초기화 중': 'double'에서 'GLfloat'(으)로 변환하면서 데이터가 손실될 수 있습니다.
C:\Users\somin\OneDrive\2-2-computer-g\컴그실습\실습1\실습12\실습12.cpp(285,13): warning C4244: '초기화 중': 'double'에서 'GLfloat'(으)로 변환하면서 데이터가 손실될 수 있습니다.
C:\Users\somin\OneDrive\2-2-computer-g\컴그실습\실습1\실습12\실습12.cpp(319,13): warning C4244: '초기화 중': 'double'에서 'GLfloat'(으)로 변환하면서 데이터가 손실될 수 있습니다.
C:\Users\somin\OneDrive\2-2-computer-g\컴그실습\실습1\실습12\실습12.cpp(320,13): warning C4244: '초기화 중': 'double'에서 'GLfloat'(으)로 변환하면서 데이터가 손실될 수 있습니다.
C:\Users\somin\OneDrive\2-2-computer-g\컴그실습\실습1\실습12\실습12.cpp(349,13): warning C4244: '초기화 중': 'double'에서 'GLfloat'(으)로 변환하면서 데이터가 손실될 수 있습니다.
C:\Users\somin\OneDrive\2-2-computer-g\컴그실습\실습1\실습12\실습12.cpp(350,13): warning C4244: '초기화 중': 'double'에서 'GLfloat'(으)로 변환하면서 데이터가 손실될 수 있습니다.
C:\Users\somin\OneDrive\2-2-computer-g\컴그실습\실습1\실습12\실습12.cpp(379,13): warning C4244: '초기화 중': 'double'에서 'GLfloat'(으)로 변환하면서 데이터가 손실될 수 있습니다.
C:\Users\somin\OneDrive\2-2-computer-g\컴그실습\실습1\실습12\실습12.cpp(380,13): warning C4244: '초기화 중': 'double'에서 'GLfloat'(으)로 변환하면서 데이터가 손실될 수 있습니다.
C:\Users\somin\OneDrive\2-2-computer-g\컴그실습\실습1\실습12\실습12.cpp(412,6): warning C4326: 'main'의 반환 형식이 'int'이어야 하는데 'void'입니다.
  실습12.vcxproj -> C:\Users\somin\OneDrive\2-2-computer-g\컴그실습\실습1\x64\Debug\실습12.exe
