  23.cpp
C:\Users\somin\OneDrive\2-2-computer-g\컴그실습\실습1\실습 23\23.cpp(208,23): warning C4267: '인수': 'size_t'에서 '_Ty'(으)로 변환하면서 데이터가 손실될 수 있습니다.
C:\Users\somin\OneDrive\2-2-computer-g\컴그실습\실습1\실습 23\23.cpp(208,23): warning C4267:         with
C:\Users\somin\OneDrive\2-2-computer-g\컴그실습\실습1\실습 23\23.cpp(208,23): warning C4267:         [
C:\Users\somin\OneDrive\2-2-computer-g\컴그실습\실습1\실습 23\23.cpp(208,23): warning C4267:             _Ty=unsigned int
C:\Users\somin\OneDrive\2-2-computer-g\컴그실습\실습1\실습 23\23.cpp(208,23): warning C4267:         ]
C:\Users\somin\OneDrive\2-2-computer-g\컴그실습\실습1\실습 23\23.cpp(209,27): warning C4267: '인수': 'size_t'에서 '_Ty'(으)로 변환하면서 데이터가 손실될 수 있습니다.
C:\Users\somin\OneDrive\2-2-computer-g\컴그실습\실습1\실습 23\23.cpp(209,27): warning C4267:         with
C:\Users\somin\OneDrive\2-2-computer-g\컴그실습\실습1\실습 23\23.cpp(209,27): warning C4267:         [
C:\Users\somin\OneDrive\2-2-computer-g\컴그실습\실습1\실습 23\23.cpp(209,27): warning C4267:             _Ty=unsigned int
C:\Users\somin\OneDrive\2-2-computer-g\컴그실습\실습1\실습 23\23.cpp(209,27): warning C4267:         ]
C:\Users\somin\OneDrive\2-2-computer-g\컴그실습\실습1\실습 23\23.cpp(210,27): warning C4267: '인수': 'size_t'에서 '_Ty'(으)로 변환하면서 데이터가 손실될 수 있습니다.
C:\Users\somin\OneDrive\2-2-computer-g\컴그실습\실습1\실습 23\23.cpp(210,27): warning C4267:         with
C:\Users\somin\OneDrive\2-2-computer-g\컴그실습\실습1\실습 23\23.cpp(210,27): warning C4267:         [
C:\Users\somin\OneDrive\2-2-computer-g\컴그실습\실습1\실습 23\23.cpp(210,27): warning C4267:             _Ty=unsigned int
C:\Users\somin\OneDrive\2-2-computer-g\컴그실습\실습1\실습 23\23.cpp(210,27): warning C4267:         ]
C:\Users\somin\OneDrive\2-2-computer-g\컴그실습\실습1\실습 23\23.cpp(278,23): warning C4267: '인수': 'size_t'에서 '_Ty'(으)로 변환하면서 데이터가 손실될 수 있습니다.
C:\Users\somin\OneDrive\2-2-computer-g\컴그실습\실습1\실습 23\23.cpp(278,23): warning C4267:         with
C:\Users\somin\OneDrive\2-2-computer-g\컴그실습\실습1\실습 23\23.cpp(278,23): warning C4267:         [
C:\Users\somin\OneDrive\2-2-computer-g\컴그실습\실습1\실습 23\23.cpp(278,23): warning C4267:             _Ty=unsigned int
C:\Users\somin\OneDrive\2-2-computer-g\컴그실습\실습1\실습 23\23.cpp(278,23): warning C4267:         ]
C:\Users\somin\OneDrive\2-2-computer-g\컴그실습\실습1\실습 23\23.cpp(279,27): warning C4267: '인수': 'size_t'에서 '_Ty'(으)로 변환하면서 데이터가 손실될 수 있습니다.
C:\Users\somin\OneDrive\2-2-computer-g\컴그실습\실습1\실습 23\23.cpp(279,27): warning C4267:         with
C:\Users\somin\OneDrive\2-2-computer-g\컴그실습\실습1\실습 23\23.cpp(279,27): warning C4267:         [
C:\Users\somin\OneDrive\2-2-computer-g\컴그실습\실습1\실습 23\23.cpp(279,27): warning C4267:             _Ty=unsigned int
C:\Users\somin\OneDrive\2-2-computer-g\컴그실습\실습1\실습 23\23.cpp(279,27): warning C4267:         ]
C:\Users\somin\OneDrive\2-2-computer-g\컴그실습\실습1\실습 23\23.cpp(280,27): warning C4267: '인수': 'size_t'에서 '_Ty'(으)로 변환하면서 데이터가 손실될 수 있습니다.
C:\Users\somin\OneDrive\2-2-computer-g\컴그실습\실습1\실습 23\23.cpp(280,27): warning C4267:         with
C:\Users\somin\OneDrive\2-2-computer-g\컴그실습\실습1\실습 23\23.cpp(280,27): warning C4267:         [
C:\Users\somin\OneDrive\2-2-computer-g\컴그실습\실습1\실습 23\23.cpp(280,27): warning C4267:             _Ty=unsigned int
C:\Users\somin\OneDrive\2-2-computer-g\컴그실습\실습1\실습 23\23.cpp(280,27): warning C4267:         ]
C:\Users\somin\OneDrive\2-2-computer-g\컴그실습\실습1\실습 23\23.cpp(348,23): warning C4267: '인수': 'size_t'에서 '_Ty'(으)로 변환하면서 데이터가 손실될 수 있습니다.
C:\Users\somin\OneDrive\2-2-computer-g\컴그실습\실습1\실습 23\23.cpp(348,23): warning C4267:         with
C:\Users\somin\OneDrive\2-2-computer-g\컴그실습\실습1\실습 23\23.cpp(348,23): warning C4267:         [
C:\Users\somin\OneDrive\2-2-computer-g\컴그실습\실습1\실습 23\23.cpp(348,23): warning C4267:             _Ty=unsigned int
C:\Users\somin\OneDrive\2-2-computer-g\컴그실습\실습1\실습 23\23.cpp(348,23): warning C4267:         ]
C:\Users\somin\OneDrive\2-2-computer-g\컴그실습\실습1\실습 23\23.cpp(349,27): warning C4267: '인수': 'size_t'에서 '_Ty'(으)로 변환하면서 데이터가 손실될 수 있습니다.
C:\Users\somin\OneDrive\2-2-computer-g\컴그실습\실습1\실습 23\23.cpp(349,27): warning C4267:         with
C:\Users\somin\OneDrive\2-2-computer-g\컴그실습\실습1\실습 23\23.cpp(349,27): warning C4267:         [
C:\Users\somin\OneDrive\2-2-computer-g\컴그실습\실습1\실습 23\23.cpp(349,27): warning C4267:             _Ty=unsigned int
C:\Users\somin\OneDrive\2-2-computer-g\컴그실습\실습1\실습 23\23.cpp(349,27): warning C4267:         ]
C:\Users\somin\OneDrive\2-2-computer-g\컴그실습\실습1\실습 23\23.cpp(350,27): warning C4267: '인수': 'size_t'에서 '_Ty'(으)로 변환하면서 데이터가 손실될 수 있습니다.
C:\Users\somin\OneDrive\2-2-computer-g\컴그실습\실습1\실습 23\23.cpp(350,27): warning C4267:         with
C:\Users\somin\OneDrive\2-2-computer-g\컴그실습\실습1\실습 23\23.cpp(350,27): warning C4267:         [
C:\Users\somin\OneDrive\2-2-computer-g\컴그실습\실습1\실습 23\23.cpp(350,27): warning C4267:             _Ty=unsigned int
C:\Users\somin\OneDrive\2-2-computer-g\컴그실습\실습1\실습 23\23.cpp(350,27): warning C4267:         ]
C:\Users\somin\OneDrive\2-2-computer-g\컴그실습\실습1\실습 23\23.cpp(418,23): warning C4267: '인수': 'size_t'에서 '_Ty'(으)로 변환하면서 데이터가 손실될 수 있습니다.
C:\Users\somin\OneDrive\2-2-computer-g\컴그실습\실습1\실습 23\23.cpp(418,23): warning C4267:         with
C:\Users\somin\OneDrive\2-2-computer-g\컴그실습\실습1\실습 23\23.cpp(418,23): warning C4267:         [
C:\Users\somin\OneDrive\2-2-computer-g\컴그실습\실습1\실습 23\23.cpp(418,23): warning C4267:             _Ty=unsigned int
C:\Users\somin\OneDrive\2-2-computer-g\컴그실습\실습1\실습 23\23.cpp(418,23): warning C4267:         ]
C:\Users\somin\OneDrive\2-2-computer-g\컴그실습\실습1\실습 23\23.cpp(419,27): warning C4267: '인수': 'size_t'에서 '_Ty'(으)로 변환하면서 데이터가 손실될 수 있습니다.
C:\Users\somin\OneDrive\2-2-computer-g\컴그실습\실습1\실습 23\23.cpp(419,27): warning C4267:         with
C:\Users\somin\OneDrive\2-2-computer-g\컴그실습\실습1\실습 23\23.cpp(419,27): warning C4267:         [
C:\Users\somin\OneDrive\2-2-computer-g\컴그실습\실습1\실습 23\23.cpp(419,27): warning C4267:             _Ty=unsigned int
C:\Users\somin\OneDrive\2-2-computer-g\컴그실습\실습1\실습 23\23.cpp(419,27): warning C4267:         ]
C:\Users\somin\OneDrive\2-2-computer-g\컴그실습\실습1\실습 23\23.cpp(420,27): warning C4267: '인수': 'size_t'에서 '_Ty'(으)로 변환하면서 데이터가 손실될 수 있습니다.
C:\Users\somin\OneDrive\2-2-computer-g\컴그실습\실습1\실습 23\23.cpp(420,27): warning C4267:         with
C:\Users\somin\OneDrive\2-2-computer-g\컴그실습\실습1\실습 23\23.cpp(420,27): warning C4267:         [
C:\Users\somin\OneDrive\2-2-computer-g\컴그실습\실습1\실습 23\23.cpp(420,27): warning C4267:             _Ty=unsigned int
C:\Users\somin\OneDrive\2-2-computer-g\컴그실습\실습1\실습 23\23.cpp(420,27): warning C4267:         ]
C:\Users\somin\OneDrive\2-2-computer-g\컴그실습\실습1\실습 23\23.cpp(480,18): warning C4267: '초기화 중': 'size_t'에서 'int'(으)로 변환하면서 데이터가 손실될 수 있습니다.
C:\Users\somin\OneDrive\2-2-computer-g\컴그실습\실습1\실습 23\23.cpp(1093,14): warning C4244: '=': 'double'에서 'GLfloat'(으)로 변환하면서 데이터가 손실될 수 있습니다.
C:\Users\somin\OneDrive\2-2-computer-g\컴그실습\실습1\실습 23\23.cpp(1097,14): warning C4244: '=': 'double'에서 'GLfloat'(으)로 변환하면서 데이터가 손실될 수 있습니다.
C:\Users\somin\OneDrive\2-2-computer-g\컴그실습\실습1\실습 23\23.cpp(1100,10): warning C4305: '=': 'double'에서 'GLfloat'(으)로 잘립니다.
C:\Users\somin\OneDrive\2-2-computer-g\컴그실습\실습1\실습 23\23.cpp(1116,18): warning C4305: '+=': 'double'에서 'T'(으)로 잘립니다.
C:\Users\somin\OneDrive\2-2-computer-g\컴그실습\실습1\실습 23\23.cpp(1116,18): warning C4305:         with
C:\Users\somin\OneDrive\2-2-computer-g\컴그실습\실습1\실습 23\23.cpp(1116,18): warning C4305:         [
C:\Users\somin\OneDrive\2-2-computer-g\컴그실습\실습1\실습 23\23.cpp(1116,18): warning C4305:             T=float
C:\Users\somin\OneDrive\2-2-computer-g\컴그실습\실습1\실습 23\23.cpp(1116,18): warning C4305:         ]
C:\Users\somin\OneDrive\2-2-computer-g\컴그실습\실습1\실습 23\23.cpp(1119,18): warning C4305: '-=': 'double'에서 'T'(으)로 잘립니다.
C:\Users\somin\OneDrive\2-2-computer-g\컴그실습\실습1\실습 23\23.cpp(1119,18): warning C4305:         with
C:\Users\somin\OneDrive\2-2-computer-g\컴그실습\실습1\실습 23\23.cpp(1119,18): warning C4305:         [
C:\Users\somin\OneDrive\2-2-computer-g\컴그실습\실습1\실습 23\23.cpp(1119,18): warning C4305:             T=float
C:\Users\somin\OneDrive\2-2-computer-g\컴그실습\실습1\실습 23\23.cpp(1119,18): warning C4305:         ]
C:\Users\somin\OneDrive\2-2-computer-g\컴그실습\실습1\실습 23\23.cpp(1175,6): warning C4326: 'main'의 반환 형식이 'int'이어야 하는데 'void'입니다.
  실습 23.vcxproj -> C:\Users\somin\OneDrive\2-2-computer-g\컴그실습\실습1\x64\Debug\실습 23.exe
