  25.cpp
C:\Users\somin\OneDrive\2-2-computer-g\컴그실습\실습1\실습 25\25.cpp(277,13): warning C4244: '초기화 중': 'double'에서 'GLfloat'(으)로 변환하면서 데이터가 손실될 수 있습니다.
C:\Users\somin\OneDrive\2-2-computer-g\컴그실습\실습1\실습 25\25.cpp(278,13): warning C4244: '초기화 중': 'double'에서 'GLfloat'(으)로 변환하면서 데이터가 손실될 수 있습니다.
C:\Users\somin\OneDrive\2-2-computer-g\컴그실습\실습1\실습 25\25.cpp(495,42): warning C4305: '인수': 'double'에서 'GLfloat'(으)로 잘립니다.
C:\Users\somin\OneDrive\2-2-computer-g\컴그실습\실습1\실습 25\25.cpp(500,56): warning C4267: '인수': 'size_t'에서 'GLsizei'(으)로 변환하면서 데이터가 손실될 수 있습니다.
C:\Users\somin\OneDrive\2-2-computer-g\컴그실습\실습1\실습 25\25.cpp(506,56): warning C4267: '인수': 'size_t'에서 'GLsizei'(으)로 변환하면서 데이터가 손실될 수 있습니다.
C:\Users\somin\OneDrive\2-2-computer-g\컴그실습\실습1\실습 25\25.cpp(517,56): warning C4267: '인수': 'size_t'에서 'GLsizei'(으)로 변환하면서 데이터가 손실될 수 있습니다.
C:\Users\somin\OneDrive\2-2-computer-g\컴그실습\실습1\실습 25\25.cpp(526,56): warning C4267: '인수': 'size_t'에서 'GLsizei'(으)로 변환하면서 데이터가 손실될 수 있습니다.
C:\Users\somin\OneDrive\2-2-computer-g\컴그실습\실습1\실습 25\25.cpp(528,42): warning C4305: '인수': 'double'에서 'GLfloat'(으)로 잘립니다.
C:\Users\somin\OneDrive\2-2-computer-g\컴그실습\실습1\실습 25\25.cpp(528,32): warning C4305: '인수': 'double'에서 'GLfloat'(으)로 잘립니다.
C:\Users\somin\OneDrive\2-2-computer-g\컴그실습\실습1\실습 25\25.cpp(533,56): warning C4267: '인수': 'size_t'에서 'GLsizei'(으)로 변환하면서 데이터가 손실될 수 있습니다.
C:\Users\somin\OneDrive\2-2-computer-g\컴그실습\실습1\실습 25\25.cpp(546,56): warning C4267: '인수': 'size_t'에서 'GLsizei'(으)로 변환하면서 데이터가 손실될 수 있습니다.
C:\Users\somin\OneDrive\2-2-computer-g\컴그실습\실습1\실습 25\25.cpp(559,56): warning C4267: '인수': 'size_t'에서 'GLsizei'(으)로 변환하면서 데이터가 손실될 수 있습니다.
C:\Users\somin\OneDrive\2-2-computer-g\컴그실습\실습1\실습 25\25.cpp(596,9): warning C4305: '-=': 'double'에서 'GLfloat'(으)로 잘립니다.
C:\Users\somin\OneDrive\2-2-computer-g\컴그실습\실습1\실습 25\25.cpp(599,9): warning C4305: '+=': 'double'에서 'GLfloat'(으)로 잘립니다.
C:\Users\somin\OneDrive\2-2-computer-g\컴그실습\실습1\실습 25\25.cpp(614,9): warning C4305: '+=': 'double'에서 'GLfloat'(으)로 잘립니다.
C:\Users\somin\OneDrive\2-2-computer-g\컴그실습\실습1\실습 25\25.cpp(617,9): warning C4305: '-=': 'double'에서 'GLfloat'(으)로 잘립니다.
C:\Users\somin\OneDrive\2-2-computer-g\컴그실습\실습1\실습 25\25.cpp(620,9): warning C4305: '-=': 'double'에서 'GLfloat'(으)로 잘립니다.
C:\Users\somin\OneDrive\2-2-computer-g\컴그실습\실습1\실습 25\25.cpp(623,9): warning C4305: '+=': 'double'에서 'GLfloat'(으)로 잘립니다.
C:\Users\somin\OneDrive\2-2-computer-g\컴그실습\실습1\실습 25\25.cpp(627,28): warning C4244: '=': 'double'에서 'GLfloat'(으)로 변환하면서 데이터가 손실될 수 있습니다.
C:\Users\somin\OneDrive\2-2-computer-g\컴그실습\실습1\실습 25\25.cpp(628,28): warning C4244: '=': 'double'에서 'GLfloat'(으)로 변환하면서 데이터가 손실될 수 있습니다.
C:\Users\somin\OneDrive\2-2-computer-g\컴그실습\실습1\실습 25\25.cpp(632,28): warning C4244: '=': 'double'에서 'GLfloat'(으)로 변환하면서 데이터가 손실될 수 있습니다.
C:\Users\somin\OneDrive\2-2-computer-g\컴그실습\실습1\실습 25\25.cpp(633,28): warning C4244: '=': 'double'에서 'GLfloat'(으)로 변환하면서 데이터가 손실될 수 있습니다.
C:\Users\somin\OneDrive\2-2-computer-g\컴그실습\실습1\실습 25\25.cpp(648,2): warning C4060: switch문에 'case' 또는 'default' 레이블이 없습니다.
C:\Users\somin\OneDrive\2-2-computer-g\컴그실습\실습1\실습 25\25.cpp(652,6): warning C4326: 'main'의 반환 형식이 'int'이어야 하는데 'void'입니다.
  실습 25.vcxproj -> C:\Users\somin\OneDrive\2-2-computer-g\컴그실습\실습1\x64\Debug\실습 25.exe
