  21.cpp
C:\Users\somin\OneDrive\2-2-computer-g\컴그실습\실습1\실습 21\21.cpp(196,23): warning C4267: '인수': 'size_t'에서 '_Ty'(으)로 변환하면서 데이터가 손실될 수 있습니다.
C:\Users\somin\OneDrive\2-2-computer-g\컴그실습\실습1\실습 21\21.cpp(196,23): warning C4267:         with
C:\Users\somin\OneDrive\2-2-computer-g\컴그실습\실습1\실습 21\21.cpp(196,23): warning C4267:         [
C:\Users\somin\OneDrive\2-2-computer-g\컴그실습\실습1\실습 21\21.cpp(196,23): warning C4267:             _Ty=unsigned int
C:\Users\somin\OneDrive\2-2-computer-g\컴그실습\실습1\실습 21\21.cpp(196,23): warning C4267:         ]
C:\Users\somin\OneDrive\2-2-computer-g\컴그실습\실습1\실습 21\21.cpp(197,27): warning C4267: '인수': 'size_t'에서 '_Ty'(으)로 변환하면서 데이터가 손실될 수 있습니다.
C:\Users\somin\OneDrive\2-2-computer-g\컴그실습\실습1\실습 21\21.cpp(197,27): warning C4267:         with
C:\Users\somin\OneDrive\2-2-computer-g\컴그실습\실습1\실습 21\21.cpp(197,27): warning C4267:         [
C:\Users\somin\OneDrive\2-2-computer-g\컴그실습\실습1\실습 21\21.cpp(197,27): warning C4267:             _Ty=unsigned int
C:\Users\somin\OneDrive\2-2-computer-g\컴그실습\실습1\실습 21\21.cpp(197,27): warning C4267:         ]
C:\Users\somin\OneDrive\2-2-computer-g\컴그실습\실습1\실습 21\21.cpp(198,27): warning C4267: '인수': 'size_t'에서 '_Ty'(으)로 변환하면서 데이터가 손실될 수 있습니다.
C:\Users\somin\OneDrive\2-2-computer-g\컴그실습\실습1\실습 21\21.cpp(198,27): warning C4267:         with
C:\Users\somin\OneDrive\2-2-computer-g\컴그실습\실습1\실습 21\21.cpp(198,27): warning C4267:         [
C:\Users\somin\OneDrive\2-2-computer-g\컴그실습\실습1\실습 21\21.cpp(198,27): warning C4267:             _Ty=unsigned int
C:\Users\somin\OneDrive\2-2-computer-g\컴그실습\실습1\실습 21\21.cpp(198,27): warning C4267:         ]
C:\Users\somin\OneDrive\2-2-computer-g\컴그실습\실습1\실습 21\21.cpp(266,23): warning C4267: '인수': 'size_t'에서 '_Ty'(으)로 변환하면서 데이터가 손실될 수 있습니다.
C:\Users\somin\OneDrive\2-2-computer-g\컴그실습\실습1\실습 21\21.cpp(266,23): warning C4267:         with
C:\Users\somin\OneDrive\2-2-computer-g\컴그실습\실습1\실습 21\21.cpp(266,23): warning C4267:         [
C:\Users\somin\OneDrive\2-2-computer-g\컴그실습\실습1\실습 21\21.cpp(266,23): warning C4267:             _Ty=unsigned int
C:\Users\somin\OneDrive\2-2-computer-g\컴그실습\실습1\실습 21\21.cpp(266,23): warning C4267:         ]
C:\Users\somin\OneDrive\2-2-computer-g\컴그실습\실습1\실습 21\21.cpp(267,27): warning C4267: '인수': 'size_t'에서 '_Ty'(으)로 변환하면서 데이터가 손실될 수 있습니다.
C:\Users\somin\OneDrive\2-2-computer-g\컴그실습\실습1\실습 21\21.cpp(267,27): warning C4267:         with
C:\Users\somin\OneDrive\2-2-computer-g\컴그실습\실습1\실습 21\21.cpp(267,27): warning C4267:         [
C:\Users\somin\OneDrive\2-2-computer-g\컴그실습\실습1\실습 21\21.cpp(267,27): warning C4267:             _Ty=unsigned int
C:\Users\somin\OneDrive\2-2-computer-g\컴그실습\실습1\실습 21\21.cpp(267,27): warning C4267:         ]
C:\Users\somin\OneDrive\2-2-computer-g\컴그실습\실습1\실습 21\21.cpp(268,27): warning C4267: '인수': 'size_t'에서 '_Ty'(으)로 변환하면서 데이터가 손실될 수 있습니다.
C:\Users\somin\OneDrive\2-2-computer-g\컴그실습\실습1\실습 21\21.cpp(268,27): warning C4267:         with
C:\Users\somin\OneDrive\2-2-computer-g\컴그실습\실습1\실습 21\21.cpp(268,27): warning C4267:         [
C:\Users\somin\OneDrive\2-2-computer-g\컴그실습\실습1\실습 21\21.cpp(268,27): warning C4267:             _Ty=unsigned int
C:\Users\somin\OneDrive\2-2-computer-g\컴그실습\실습1\실습 21\21.cpp(268,27): warning C4267:         ]
C:\Users\somin\OneDrive\2-2-computer-g\컴그실습\실습1\실습 21\21.cpp(336,23): warning C4267: '인수': 'size_t'에서 '_Ty'(으)로 변환하면서 데이터가 손실될 수 있습니다.
C:\Users\somin\OneDrive\2-2-computer-g\컴그실습\실습1\실습 21\21.cpp(336,23): warning C4267:         with
C:\Users\somin\OneDrive\2-2-computer-g\컴그실습\실습1\실습 21\21.cpp(336,23): warning C4267:         [
C:\Users\somin\OneDrive\2-2-computer-g\컴그실습\실습1\실습 21\21.cpp(336,23): warning C4267:             _Ty=unsigned int
C:\Users\somin\OneDrive\2-2-computer-g\컴그실습\실습1\실습 21\21.cpp(336,23): warning C4267:         ]
C:\Users\somin\OneDrive\2-2-computer-g\컴그실습\실습1\실습 21\21.cpp(337,27): warning C4267: '인수': 'size_t'에서 '_Ty'(으)로 변환하면서 데이터가 손실될 수 있습니다.
C:\Users\somin\OneDrive\2-2-computer-g\컴그실습\실습1\실습 21\21.cpp(337,27): warning C4267:         with
C:\Users\somin\OneDrive\2-2-computer-g\컴그실습\실습1\실습 21\21.cpp(337,27): warning C4267:         [
C:\Users\somin\OneDrive\2-2-computer-g\컴그실습\실습1\실습 21\21.cpp(337,27): warning C4267:             _Ty=unsigned int
C:\Users\somin\OneDrive\2-2-computer-g\컴그실습\실습1\실습 21\21.cpp(337,27): warning C4267:         ]
C:\Users\somin\OneDrive\2-2-computer-g\컴그실습\실습1\실습 21\21.cpp(338,27): warning C4267: '인수': 'size_t'에서 '_Ty'(으)로 변환하면서 데이터가 손실될 수 있습니다.
C:\Users\somin\OneDrive\2-2-computer-g\컴그실습\실습1\실습 21\21.cpp(338,27): warning C4267:         with
C:\Users\somin\OneDrive\2-2-computer-g\컴그실습\실습1\실습 21\21.cpp(338,27): warning C4267:         [
C:\Users\somin\OneDrive\2-2-computer-g\컴그실습\실습1\실습 21\21.cpp(338,27): warning C4267:             _Ty=unsigned int
C:\Users\somin\OneDrive\2-2-computer-g\컴그실습\실습1\실습 21\21.cpp(338,27): warning C4267:         ]
C:\Users\somin\OneDrive\2-2-computer-g\컴그실습\실습1\실습 21\21.cpp(406,23): warning C4267: '인수': 'size_t'에서 '_Ty'(으)로 변환하면서 데이터가 손실될 수 있습니다.
C:\Users\somin\OneDrive\2-2-computer-g\컴그실습\실습1\실습 21\21.cpp(406,23): warning C4267:         with
C:\Users\somin\OneDrive\2-2-computer-g\컴그실습\실습1\실습 21\21.cpp(406,23): warning C4267:         [
C:\Users\somin\OneDrive\2-2-computer-g\컴그실습\실습1\실습 21\21.cpp(406,23): warning C4267:             _Ty=unsigned int
C:\Users\somin\OneDrive\2-2-computer-g\컴그실습\실습1\실습 21\21.cpp(406,23): warning C4267:         ]
C:\Users\somin\OneDrive\2-2-computer-g\컴그실습\실습1\실습 21\21.cpp(407,27): warning C4267: '인수': 'size_t'에서 '_Ty'(으)로 변환하면서 데이터가 손실될 수 있습니다.
C:\Users\somin\OneDrive\2-2-computer-g\컴그실습\실습1\실습 21\21.cpp(407,27): warning C4267:         with
C:\Users\somin\OneDrive\2-2-computer-g\컴그실습\실습1\실습 21\21.cpp(407,27): warning C4267:         [
C:\Users\somin\OneDrive\2-2-computer-g\컴그실습\실습1\실습 21\21.cpp(407,27): warning C4267:             _Ty=unsigned int
C:\Users\somin\OneDrive\2-2-computer-g\컴그실습\실습1\실습 21\21.cpp(407,27): warning C4267:         ]
C:\Users\somin\OneDrive\2-2-computer-g\컴그실습\실습1\실습 21\21.cpp(408,27): warning C4267: '인수': 'size_t'에서 '_Ty'(으)로 변환하면서 데이터가 손실될 수 있습니다.
C:\Users\somin\OneDrive\2-2-computer-g\컴그실습\실습1\실습 21\21.cpp(408,27): warning C4267:         with
C:\Users\somin\OneDrive\2-2-computer-g\컴그실습\실습1\실습 21\21.cpp(408,27): warning C4267:         [
C:\Users\somin\OneDrive\2-2-computer-g\컴그실습\실습1\실습 21\21.cpp(408,27): warning C4267:             _Ty=unsigned int
C:\Users\somin\OneDrive\2-2-computer-g\컴그실습\실습1\실습 21\21.cpp(408,27): warning C4267:         ]
C:\Users\somin\OneDrive\2-2-computer-g\컴그실습\실습1\실습 21\21.cpp(750,18): warning C4305: '+=': 'double'에서 'T'(으)로 잘립니다.
C:\Users\somin\OneDrive\2-2-computer-g\컴그실습\실습1\실습 21\21.cpp(750,18): warning C4305:         with
C:\Users\somin\OneDrive\2-2-computer-g\컴그실습\실습1\실습 21\21.cpp(750,18): warning C4305:         [
C:\Users\somin\OneDrive\2-2-computer-g\컴그실습\실습1\실습 21\21.cpp(750,18): warning C4305:             T=float
C:\Users\somin\OneDrive\2-2-computer-g\컴그실습\실습1\실습 21\21.cpp(750,18): warning C4305:         ]
C:\Users\somin\OneDrive\2-2-computer-g\컴그실습\실습1\실습 21\21.cpp(753,18): warning C4305: '-=': 'double'에서 'T'(으)로 잘립니다.
C:\Users\somin\OneDrive\2-2-computer-g\컴그실습\실습1\실습 21\21.cpp(753,18): warning C4305:         with
C:\Users\somin\OneDrive\2-2-computer-g\컴그실습\실습1\실습 21\21.cpp(753,18): warning C4305:         [
C:\Users\somin\OneDrive\2-2-computer-g\컴그실습\실습1\실습 21\21.cpp(753,18): warning C4305:             T=float
C:\Users\somin\OneDrive\2-2-computer-g\컴그실습\실습1\실습 21\21.cpp(753,18): warning C4305:         ]
C:\Users\somin\OneDrive\2-2-computer-g\컴그실습\실습1\실습 21\21.cpp(809,6): warning C4326: 'main'의 반환 형식이 'int'이어야 하는데 'void'입니다.
  실습 21.vcxproj -> C:\Users\somin\OneDrive\2-2-computer-g\컴그실습\실습1\x64\Debug\실습 21.exe
