  22.cpp
C:\Users\somin\OneDrive\2-2-computer-g\컴그실습\실습1\실습 22\22.cpp(226,23): warning C4267: '인수': 'size_t'에서 '_Ty'(으)로 변환하면서 데이터가 손실될 수 있습니다.
C:\Users\somin\OneDrive\2-2-computer-g\컴그실습\실습1\실습 22\22.cpp(226,23): warning C4267:         with
C:\Users\somin\OneDrive\2-2-computer-g\컴그실습\실습1\실습 22\22.cpp(226,23): warning C4267:         [
C:\Users\somin\OneDrive\2-2-computer-g\컴그실습\실습1\실습 22\22.cpp(226,23): warning C4267:             _Ty=unsigned int
C:\Users\somin\OneDrive\2-2-computer-g\컴그실습\실습1\실습 22\22.cpp(226,23): warning C4267:         ]
C:\Users\somin\OneDrive\2-2-computer-g\컴그실습\실습1\실습 22\22.cpp(227,27): warning C4267: '인수': 'size_t'에서 '_Ty'(으)로 변환하면서 데이터가 손실될 수 있습니다.
C:\Users\somin\OneDrive\2-2-computer-g\컴그실습\실습1\실습 22\22.cpp(227,27): warning C4267:         with
C:\Users\somin\OneDrive\2-2-computer-g\컴그실습\실습1\실습 22\22.cpp(227,27): warning C4267:         [
C:\Users\somin\OneDrive\2-2-computer-g\컴그실습\실습1\실습 22\22.cpp(227,27): warning C4267:             _Ty=unsigned int
C:\Users\somin\OneDrive\2-2-computer-g\컴그실습\실습1\실습 22\22.cpp(227,27): warning C4267:         ]
C:\Users\somin\OneDrive\2-2-computer-g\컴그실습\실습1\실습 22\22.cpp(228,27): warning C4267: '인수': 'size_t'에서 '_Ty'(으)로 변환하면서 데이터가 손실될 수 있습니다.
C:\Users\somin\OneDrive\2-2-computer-g\컴그실습\실습1\실습 22\22.cpp(228,27): warning C4267:         with
C:\Users\somin\OneDrive\2-2-computer-g\컴그실습\실습1\실습 22\22.cpp(228,27): warning C4267:         [
C:\Users\somin\OneDrive\2-2-computer-g\컴그실습\실습1\실습 22\22.cpp(228,27): warning C4267:             _Ty=unsigned int
C:\Users\somin\OneDrive\2-2-computer-g\컴그실습\실습1\실습 22\22.cpp(228,27): warning C4267:         ]
C:\Users\somin\OneDrive\2-2-computer-g\컴그실습\실습1\실습 22\22.cpp(296,23): warning C4267: '인수': 'size_t'에서 '_Ty'(으)로 변환하면서 데이터가 손실될 수 있습니다.
C:\Users\somin\OneDrive\2-2-computer-g\컴그실습\실습1\실습 22\22.cpp(296,23): warning C4267:         with
C:\Users\somin\OneDrive\2-2-computer-g\컴그실습\실습1\실습 22\22.cpp(296,23): warning C4267:         [
C:\Users\somin\OneDrive\2-2-computer-g\컴그실습\실습1\실습 22\22.cpp(296,23): warning C4267:             _Ty=unsigned int
C:\Users\somin\OneDrive\2-2-computer-g\컴그실습\실습1\실습 22\22.cpp(296,23): warning C4267:         ]
C:\Users\somin\OneDrive\2-2-computer-g\컴그실습\실습1\실습 22\22.cpp(297,27): warning C4267: '인수': 'size_t'에서 '_Ty'(으)로 변환하면서 데이터가 손실될 수 있습니다.
C:\Users\somin\OneDrive\2-2-computer-g\컴그실습\실습1\실습 22\22.cpp(297,27): warning C4267:         with
C:\Users\somin\OneDrive\2-2-computer-g\컴그실습\실습1\실습 22\22.cpp(297,27): warning C4267:         [
C:\Users\somin\OneDrive\2-2-computer-g\컴그실습\실습1\실습 22\22.cpp(297,27): warning C4267:             _Ty=unsigned int
C:\Users\somin\OneDrive\2-2-computer-g\컴그실습\실습1\실습 22\22.cpp(297,27): warning C4267:         ]
C:\Users\somin\OneDrive\2-2-computer-g\컴그실습\실습1\실습 22\22.cpp(298,27): warning C4267: '인수': 'size_t'에서 '_Ty'(으)로 변환하면서 데이터가 손실될 수 있습니다.
C:\Users\somin\OneDrive\2-2-computer-g\컴그실습\실습1\실습 22\22.cpp(298,27): warning C4267:         with
C:\Users\somin\OneDrive\2-2-computer-g\컴그실습\실습1\실습 22\22.cpp(298,27): warning C4267:         [
C:\Users\somin\OneDrive\2-2-computer-g\컴그실습\실습1\실습 22\22.cpp(298,27): warning C4267:             _Ty=unsigned int
C:\Users\somin\OneDrive\2-2-computer-g\컴그실습\실습1\실습 22\22.cpp(298,27): warning C4267:         ]
C:\Users\somin\OneDrive\2-2-computer-g\컴그실습\실습1\실습 22\22.cpp(340,20): warning C4244: '초기화 중': 'double'에서 'float'(으)로 변환하면서 데이터가 손실될 수 있습니다.
C:\Users\somin\OneDrive\2-2-computer-g\컴그실습\실습1\실습 22\22.cpp(345,22): warning C4244: '초기화 중': 'double'에서 'float'(으)로 변환하면서 데이터가 손실될 수 있습니다.
C:\Users\somin\OneDrive\2-2-computer-g\컴그실습\실습1\실습 22\22.cpp(485,56): warning C4267: '인수': 'size_t'에서 'GLsizei'(으)로 변환하면서 데이터가 손실될 수 있습니다.
C:\Users\somin\OneDrive\2-2-computer-g\컴그실습\실습1\실습 22\22.cpp(495,50): warning C4267: '인수': 'size_t'에서 'GLsizei'(으)로 변환하면서 데이터가 손실될 수 있습니다.
C:\Users\somin\OneDrive\2-2-computer-g\컴그실습\실습1\실습 22\22.cpp(647,18): warning C4305: '+=': 'double'에서 'T'(으)로 잘립니다.
C:\Users\somin\OneDrive\2-2-computer-g\컴그실습\실습1\실습 22\22.cpp(647,18): warning C4305:         with
C:\Users\somin\OneDrive\2-2-computer-g\컴그실습\실습1\실습 22\22.cpp(647,18): warning C4305:         [
C:\Users\somin\OneDrive\2-2-computer-g\컴그실습\실습1\실습 22\22.cpp(647,18): warning C4305:             T=float
C:\Users\somin\OneDrive\2-2-computer-g\컴그실습\실습1\실습 22\22.cpp(647,18): warning C4305:         ]
C:\Users\somin\OneDrive\2-2-computer-g\컴그실습\실습1\실습 22\22.cpp(650,18): warning C4305: '-=': 'double'에서 'T'(으)로 잘립니다.
C:\Users\somin\OneDrive\2-2-computer-g\컴그실습\실습1\실습 22\22.cpp(650,18): warning C4305:         with
C:\Users\somin\OneDrive\2-2-computer-g\컴그실습\실습1\실습 22\22.cpp(650,18): warning C4305:         [
C:\Users\somin\OneDrive\2-2-computer-g\컴그실습\실습1\실습 22\22.cpp(650,18): warning C4305:             T=float
C:\Users\somin\OneDrive\2-2-computer-g\컴그실습\실습1\실습 22\22.cpp(650,18): warning C4305:         ]
C:\Users\somin\OneDrive\2-2-computer-g\컴그실습\실습1\실습 22\22.cpp(692,6): warning C4326: 'main'의 반환 형식이 'int'이어야 하는데 'void'입니다.
  실습 22.vcxproj -> C:\Users\somin\OneDrive\2-2-computer-g\컴그실습\실습1\x64\Debug\실습 22.exe
